{
  "RSpec": {
    "coverage": {
      "/home/darkness/apps/shop/spec/support/database_cleaner.rb": [
        null,
        1,
        null,
        1,
        1,
        null,
        1,
        25,
        25,
        null,
        null,
        1,
        25,
        null,
        null
      ],
      "/home/darkness/apps/shop/spec/support/env.rb": [
        1,
        1,
        null,
        1,
        null,
        null,
        null,
        null,
        1
      ],
      "/home/darkness/apps/shop/spec/support/devise.rb": [
        1,
        1,
        1,
        1,
        1,
        null
      ],
      "/home/darkness/apps/shop/app/models/product.rb": [
        1,
        null,
        null,
        null,
        1,
        null,
        null,
        null,
        1,
        null,
        1,
        null,
        1,
        0,
        null,
        null,
        1,
        1,
        1,
        1,
        null,
        1,
        null,
        1,
        1,
        1,
        1,
        null,
        1,
        1,
        null,
        17,
        null,
        1,
        null,
        1,
        0,
        null,
        null,
        1,
        0,
        null,
        null,
        1,
        null,
        null,
        null,
        null,
        null,
        null,
        null,
        null,
        null,
        null,
        1,
        41,
        null,
        null
      ],
      "/home/darkness/apps/shop/spec/requests/cart_spec.rb": [
        1,
        1,
        null,
        1,
        null,
        null,
        5,
        null,
        1,
        4,
        4,
        4,
        4,
        12,
        12,
        null,
        null,
        null,
        null,
        null,
        null,
        null,
        null,
        null,
        null,
        null,
        null,
        null,
        null,
        null,
        null,
        null,
        null,
        null,
        1,
        1,
        3,
        3,
        null,
        null,
        1,
        1,
        6,
        6,
        null,
        null,
        null,
        1,
        1,
        1,
        1,
        null,
        null,
        1,
        1,
        null,
        1,
        3,
        3,
        null,
        null,
        1,
        null,
        null,
        1,
        1,
        1,
        1,
        1,
        1,
        null,
        1,
        null,
        null
      ],
      "/home/darkness/apps/shop/spec/requests/category_spec.rb": [
        1,
        1,
        null,
        1,
        null,
        null,
        2,
        null,
        1,
        1,
        1,
        null,
        1,
        1,
        null,
        null,
        1,
        null,
        null
      ],
      "/home/darkness/apps/shop/spec/requests/comment_spec.rb": [
        1,
        1,
        null,
        1,
        8,
        null,
        6,
        null,
        2,
        null,
        1,
        7,
        7,
        7,
        null,
        null,
        1,
        1,
        1,
        1,
        1,
        null,
        null,
        1,
        1,
        1,
        1,
        null,
        null,
        1,
        1,
        1,
        1,
        1,
        null,
        null,
        1,
        1,
        1,
        1,
        null,
        1,
        1,
        null,
        null,
        1,
        1,
        null,
        1,
        null,
        null,
        1,
        1,
        1,
        1,
        null,
        1,
        1,
        null,
        null,
        1,
        null,
        null,
        1,
        null,
        1,
        1,
        1,
        null,
        null,
        1,
        1,
        1,
        1,
        1,
        null,
        null,
        null,
        1,
        2,
        null,
        1,
        1,
        1,
        1,
        1,
        null,
        null,
        null
      ],
      "/home/darkness/apps/shop/spec/requests/pay_order_spec.rb": [
        1,
        1,
        null,
        1,
        4,
        null,
        1,
        3,
        3,
        3,
        3,
        9,
        9,
        null,
        null,
        null,
        1,
        1,
        1,
        1,
        1,
        1,
        1,
        null,
        null,
        1,
        1,
        1,
        1,
        1,
        null,
        null,
        1,
        1,
        1,
        1,
        1,
        null,
        null,
        1,
        1,
        1,
        1,
        1,
        1,
        null,
        null,
        null
      ],
      "/home/darkness/apps/shop/spec/requests/product_spec.rb": [
        1,
        1,
        null,
        1,
        9,
        null,
        7,
        null,
        1,
        1,
        null,
        null,
        7,
        null,
        1,
        8,
        8,
        null,
        null,
        1,
        1,
        null,
        1,
        1,
        1,
        null,
        null,
        1,
        1,
        1,
        1,
        null,
        null,
        1,
        1,
        null,
        1,
        1,
        1,
        null,
        null,
        1,
        1,
        null,
        1,
        1,
        null,
        null,
        1,
        1,
        null,
        1,
        1,
        1,
        null,
        null,
        1,
        1,
        null,
        1,
        1,
        null,
        1,
        null,
        1,
        1,
        null,
        null,
        1,
        1,
        null,
        1,
        1,
        null,
        1,
        1,
        1,
        1,
        null,
        1,
        null,
        null,
        1,
        null,
        1,
        1,
        1,
        null,
        null,
        1,
        1,
        null,
        1,
        1,
        1,
        null,
        null,
        null
      ],
      "/home/darkness/apps/shop/app/models/role.rb": [
        1,
        1,
        null
      ],
      "/home/darkness/apps/shop/app/controllers/products_controller.rb": [
        null,
        1,
        1,
        null,
        1,
        null,
        1,
        1,
        null,
        null,
        null,
        1,
        16,
        16,
        null,
        null,
        1,
        0,
        0,
        null,
        null,
        null,
        1,
        9,
        9,
        9,
        null,
        null,
        1,
        8,
        8,
        null,
        null,
        1,
        3,
        null,
        null,
        1,
        7,
        7,
        null,
        7,
        7,
        3,
        3,
        null,
        null,
        null,
        8,
        null,
        null,
        null,
        null,
        1,
        1,
        1,
        1,
        null,
        0,
        null,
        null,
        null,
        1,
        1,
        1,
        null,
        null,
        1,
        0,
        0,
        null,
        0,
        0,
        null,
        0,
        null,
        null,
        null,
        null,
        1,
        null,
        1,
        null,
        16,
        0,
        null,
        16,
        null,
        null,
        null,
        1,
        1,
        null,
        null,
        1,
        14,
        null,
        null,
        1,
        16,
        null,
        null,
        null,
        null,
        null,
        null,
        null,
        null
      ],
      "/home/darkness/apps/shop/app/controllers/application_controller.rb": [
        null,
        1,
        null,
        null,
        null,
        1,
        null,
        3,
        null,
        null,
        null,
        1,
        null,
        1,
        null,
        1,
        null,
        108,
        null,
        1,
        null,
        1,
        0,
        0,
        null,
        null,
        1,
        null,
        1,
        107,
        null,
        107,
        0,
        null,
        107,
        null,
        null,
        null,
        1,
        0,
        null,
        null,
        0,
        0,
        null,
        null
      ],
      "/home/darkness/apps/shop/app/models/category.rb": [
        1,
        7,
        1,
        1,
        null,
        1,
        2,
        1,
        null,
        1,
        null,
        1,
        null,
        1,
        1,
        null,
        null,
        1,
        0,
        null,
        null,
        1,
        0,
        null,
        null,
        1,
        0,
        null,
        null,
        1,
        108,
        null,
        null
      ],
      "/home/darkness/apps/shop/app/models/ability.rb": [
        1,
        1,
        null,
        1,
        107,
        null,
        107,
        null,
        6,
        null,
        79,
        null,
        22,
        null,
        0,
        null,
        null,
        null,
        1,
        null,
        1,
        0,
        null,
        0,
        0,
        null,
        null,
        1,
        22,
        null,
        22,
        null,
        23,
        22,
        22,
        22,
        22,
        null,
        null,
        1,
        101,
        null,
        101,
        101,
        101,
        101,
        null,
        null,
        1,
        107,
        107,
        null,
        107,
        null,
        107,
        107,
        107,
        107,
        null,
        107,
        107,
        107,
        107,
        107,
        null,
        107,
        107,
        107,
        107,
        107,
        107,
        null,
        107,
        null,
        null
      ],
      "/home/darkness/apps/shop/app/models/cart.rb": [
        1,
        1,
        null,
        1,
        25,
        null,
        25,
        3,
        null,
        22,
        22,
        null,
        null,
        25,
        null,
        null,
        1,
        58,
        null,
        null,
        1,
        41,
        null,
        null
      ],
      "/home/darkness/apps/shop/app/models/line_item.rb": [
        1,
        1,
        1,
        1,
        null,
        1,
        142,
        null,
        null
      ],
      "/home/darkness/apps/shop/app/models/order.rb": [
        1,
        1,
        null,
        1,
        null,
        null,
        null,
        null,
        null,
        null,
        null,
        1,
        null,
        1,
        1,
        1,
        null,
        1,
        1,
        null,
        null,
        1,
        2,
        3,
        3,
        null,
        null,
        null,
        1,
        1,
        null,
        null,
        1,
        0,
        null,
        null,
        1,
        0,
        null,
        null,
        1,
        2,
        null,
        null,
        1,
        1,
        null,
        null,
        1,
        1,
        1,
        null,
        1,
        null,
        2,
        1,
        null,
        null,
        1,
        1,
        null,
        null,
        1,
        1,
        null,
        null,
        null
      ],
      "/home/darkness/apps/shop/app/models/comment.rb": [
        1,
        1,
        1,
        null,
        1,
        null,
        1,
        1,
        1,
        null
      ],
      "/home/darkness/apps/shop/app/controllers/line_items_controller.rb": [
        null,
        1,
        1,
        null,
        1,
        1,
        1,
        1,
        null,
        1,
        3,
        3,
        null,
        3,
        null,
        null,
        1,
        3,
        3,
        null,
        3,
        3,
        null,
        0,
        0,
        0,
        null,
        null,
        null,
        1,
        25,
        1,
        null,
        24,
        null,
        null,
        25,
        null,
        null,
        1,
        3,
        3,
        null,
        2,
        null,
        null,
        1,
        null,
        1,
        3,
        1,
        1,
        null,
        null,
        null,
        1,
        9,
        null,
        null
      ],
      "/home/darkness/apps/shop/app/controllers/concerns/current_cart.rb": [
        1,
        1,
        null,
        1,
        null,
        1,
        34,
        26,
        null,
        8,
        null,
        34,
        null,
        34,
        null,
        34,
        null,
        null,
        null
      ],
      "/home/darkness/apps/shop/app/workers/cleaner_cart_worker.rb": [
        1,
        1,
        1,
        1,
        null,
        1,
        0,
        0,
        0,
        null,
        null,
        1,
        0,
        null,
        null,
        1,
        52,
        null,
        null
      ],
      "/home/darkness/apps/shop/app/controllers/carts_controller.rb": [
        null,
        1,
        1,
        null,
        1,
        null,
        1,
        null,
        1,
        null,
        1,
        7,
        7,
        7,
        null,
        null,
        1,
        2,
        2,
        2,
        null,
        null,
        1,
        0,
        null,
        null,
        1,
        null,
        1,
        2,
        null,
        null
      ],
      "/home/darkness/apps/shop/app/models/categories_product.rb": [
        1,
        1,
        1,
        null
      ],
      "/home/darkness/apps/shop/app/controllers/categories_controller.rb": [
        null,
        1,
        1,
        null,
        1,
        null,
        1,
        1,
        1,
        null,
        null,
        1,
        null,
        1,
        1,
        null,
        null
      ],
      "/home/darkness/apps/shop/app/controllers/comments_controller.rb": [
        null,
        1,
        1,
        1,
        null,
        1,
        1,
        null,
        1,
        5,
        5,
        5,
        5,
        null,
        5,
        null,
        null,
        1,
        1,
        null,
        null,
        1,
        1,
        1,
        null,
        null,
        1,
        1,
        1,
        null,
        null,
        1,
        null,
        1,
        12,
        null,
        null,
        1,
        8,
        null,
        null,
        1,
        3,
        null,
        null
      ],
      "/home/darkness/apps/shop/app/controllers/orders_controller.rb": [
        1,
        null,
        null,
        1,
        1,
        1,
        1,
        1,
        null,
        1,
        null,
        null,
        null,
        1,
        1,
        1,
        1,
        null,
        null,
        1,
        3,
        3,
        null,
        3,
        3,
        2,
        2,
        null,
        1,
        null,
        null,
        null,
        null,
        1,
        3,
        3,
        null,
        null,
        1,
        0,
        0,
        0,
        0,
        null,
        null,
        0,
        null,
        0,
        null,
        0,
        0,
        null,
        0,
        null,
        0,
        null,
        null,
        null,
        null,
        null,
        1,
        0,
        0,
        null,
        0,
        null,
        0,
        0,
        null,
        0,
        0,
        null,
        null,
        null,
        1,
        0,
        0,
        0,
        null,
        0,
        0,
        null,
        0,
        null,
        null,
        0,
        null,
        null,
        1,
        null,
        1,
        6,
        null,
        null,
        1,
        1,
        null,
        null,
        1,
        2,
        2,
        null,
        2,
        1,
        null,
        1,
        1,
        null,
        1,
        null,
        null,
        1,
        0,
        null,
        null,
        null,
        null,
        0,
        null,
        null,
        null,
        null,
        null,
        null,
        null,
        0,
        0,
        null,
        null,
        1,
        1,
        null,
        null,
        null,
        null,
        null,
        null,
        null,
        null,
        null,
        null,
        null,
        1,
        null,
        null,
        1,
        1,
        null,
        null,
        null,
        null,
        null,
        null,
        null,
        null,
        null,
        null,
        null,
        null,
        null,
        1,
        3,
        null,
        null,
        null,
        null,
        null,
        1,
        null,
        null
      ],
      "/home/darkness/apps/shop/app/workers/email_worker.rb": [
        1,
        1,
        1,
        1,
        null,
        1,
        0,
        0,
        null,
        0,
        null,
        0,
        null,
        0,
        null,
        null,
        null
      ]
    },
    "timestamp": 1484316683
  }
}
