{
  "RSpec": {
    "coverage": {
      "/home/darkness/apps/shop/app/models/user.rb": [
        1,
        1,
        1,
        1,
        null,
        1,
        null,
        18,
        null,
        1,
        null,
        1,
        null,
        1,
        6,
        null,
        6,
        6,
        null,
        null,
        6,
        12,
        null,
        null,
        null,
        1,
        null,
        null,
        225,
        null,
        1,
        null,
        1,
        null,
        1,
        1,
        null,
        1,
        null,
        649,
        215,
        null,
        1,
        11,
        null,
        null,
        1,
        null,
        1,
        230,
        null,
        null,
        1,
        648,
        224,
        null,
        null,
        648,
        448,
        null,
        null,
        null
      ],
      "/home/darkness/apps/shop/app/helpers/admin_helper.rb": [
        null,
        1,
        1,
        44,
        44,
        null,
        null,
        1,
        16,
        null,
        10,
        null,
        3,
        null,
        3,
        null,
        null,
        null
      ],
      "/home/darkness/apps/shop/app/helpers/application_helper.rb": [
        null,
        1,
        1,
        null,
        1,
        13,
        null,
        13,
        null,
        13,
        null,
        null,
        1,
        22,
        20,
        42,
        null,
        null,
        null,
        null,
        20,
        null,
        null,
        null,
        1,
        173,
        95,
        95,
        87,
        87,
        null,
        8,
        null,
        8,
        8,
        null,
        null,
        78,
        78,
        null,
        null,
        173,
        null,
        null,
        1,
        102,
        null,
        null,
        1,
        126,
        null,
        null,
        126,
        null,
        null,
        1,
        19,
        null,
        null,
        19,
        null,
        null,
        1,
        57,
        null,
        16,
        16,
        null,
        null,
        16,
        16,
        null,
        null,
        16,
        null,
        null,
        1,
        23,
        12,
        null,
        null,
        1,
        9,
        9,
        null,
        null,
        1,
        117,
        null,
        117,
        72,
        null,
        45,
        null,
        null,
        null
      ],
      "/home/darkness/apps/shop/app/models/product.rb": [
        1,
        null,
        null,
        null,
        1,
        null,
        null,
        null,
        1,
        null,
        1,
        null,
        1,
        4,
        null,
        null,
        1,
        1,
        1,
        1,
        null,
        1,
        null,
        1,
        1,
        1,
        1,
        null,
        1,
        1,
        null,
        91,
        null,
        1,
        null,
        1,
        18,
        null,
        null,
        1,
        23,
        null,
        null,
        1,
        null,
        null,
        null,
        null,
        null,
        null,
        null,
        null,
        null,
        null,
        1,
        133,
        null,
        null
      ],
      "/home/darkness/apps/shop/app/controllers/application_controller.rb": [
        null,
        1,
        null,
        null,
        null,
        1,
        1,
        null,
        1,
        null,
        1,
        269,
        1,
        1,
        null,
        1,
        4,
        null,
        null,
        1,
        null,
        1,
        268,
        3,
        2,
        null,
        1,
        null,
        null,
        null,
        null,
        1,
        268,
        268,
        268,
        null,
        null,
        1,
        22,
        null,
        null,
        22,
        22,
        null,
        null,
        1,
        3,
        null,
        null
      ],
      "/home/darkness/apps/shop/app/models/category.rb": [
        1,
        13,
        1,
        1,
        null,
        1,
        2,
        1,
        null,
        1,
        null,
        1,
        null,
        1,
        1,
        null,
        null,
        1,
        1,
        null,
        null,
        1,
        1,
        null,
        null,
        1,
        7,
        null,
        null,
        1,
        269,
        null,
        null
      ],
      "/home/darkness/apps/shop/app/controllers/products_controller.rb": [
        null,
        1,
        1,
        null,
        1,
        null,
        1,
        1,
        null,
        null,
        null,
        1,
        40,
        40,
        null,
        null,
        1,
        22,
        22,
        null,
        null,
        null,
        1,
        9,
        9,
        9,
        null,
        null,
        1,
        11,
        11,
        null,
        null,
        1,
        4,
        null,
        null,
        1,
        7,
        7,
        null,
        7,
        7,
        4,
        4,
        null,
        null,
        null,
        6,
        null,
        null,
        null,
        null,
        1,
        2,
        1,
        1,
        null,
        1,
        null,
        null,
        null,
        1,
        1,
        1,
        null,
        null,
        1,
        4,
        4,
        null,
        4,
        2,
        null,
        2,
        null,
        null,
        null,
        null,
        1,
        null,
        1,
        null,
        62,
        23,
        null,
        39,
        null,
        null,
        null,
        1,
        2,
        null,
        null,
        1,
        16,
        null,
        null,
        1,
        17,
        null,
        null,
        null,
        null,
        null,
        null,
        null,
        null
      ],
      "/home/darkness/apps/shop/app/models/role.rb": [
        1,
        1,
        null
      ],
      "/home/darkness/apps/shop/app/controllers/admin/users_controller.rb": [
        1,
        null,
        1,
        1,
        1,
        null,
        1,
        17,
        null,
        17,
        null,
        17,
        24,
        27,
        null,
        null,
        null,
        1,
        4,
        4,
        null,
        null,
        1,
        3,
        3,
        null,
        null,
        1,
        4,
        null,
        4,
        1,
        null,
        null,
        null,
        3,
        null,
        null,
        null,
        1,
        2,
        1,
        null,
        1,
        null,
        null,
        2,
        null,
        null,
        1,
        1,
        1,
        null,
        null,
        1,
        null,
        1,
        7,
        null,
        null,
        1,
        7,
        null,
        null,
        1,
        8,
        null,
        null,
        1,
        null,
        17,
        10,
        null,
        7,
        null,
        null,
        null,
        1,
        2,
        null,
        null,
        null
      ],
      "/home/darkness/apps/shop/app/controllers/admin/admin_controller.rb": [
        1,
        null,
        1,
        1,
        null,
        1,
        null,
        1,
        null,
        1,
        null,
        1,
        1,
        null,
        null,
        1,
        null,
        1,
        99,
        99,
        2,
        null,
        null,
        null,
        null,
        null
      ],
      "/home/darkness/apps/shop/app/models/ability.rb": [
        1,
        1,
        null,
        1,
        235,
        null,
        235,
        null,
        6,
        null,
        127,
        null,
        28,
        null,
        74,
        null,
        null,
        null,
        1,
        null,
        1,
        74,
        null,
        74,
        74,
        null,
        null,
        1,
        102,
        null,
        102,
        null,
        103,
        102,
        102,
        102,
        null,
        null,
        1,
        229,
        null,
        229,
        229,
        229,
        229,
        null,
        null,
        1,
        235,
        235,
        null,
        235,
        null,
        235,
        235,
        235,
        235,
        null,
        235,
        235,
        235,
        235,
        235,
        null,
        235,
        235,
        235,
        null,
        235,
        null,
        null
      ],
      "/home/darkness/apps/shop/app/models/cart.rb": [
        1,
        1,
        null,
        1,
        58,
        null,
        58,
        3,
        null,
        55,
        55,
        null,
        null,
        58,
        null,
        null,
        1,
        123,
        null,
        null,
        1,
        91,
        null,
        null
      ],
      "/home/darkness/apps/shop/app/models/line_item.rb": [
        1,
        1,
        1,
        1,
        null,
        1,
        340,
        null,
        null
      ],
      "/home/darkness/apps/shop/app/models/order.rb": [
        1,
        1,
        null,
        1,
        null,
        null,
        null,
        null,
        null,
        null,
        null,
        16,
        null,
        1,
        1,
        1,
        null,
        1,
        16,
        null,
        null,
        1,
        11,
        30,
        30,
        null,
        null,
        null,
        1,
        16,
        null,
        null,
        1,
        1,
        null,
        null,
        1,
        18,
        null,
        null,
        1,
        11,
        null,
        null,
        1,
        10,
        null,
        null,
        1,
        1,
        1,
        null,
        1,
        null,
        11,
        1,
        null,
        null,
        4,
        1,
        null,
        null,
        4,
        1,
        null,
        null,
        null
      ],
      "/home/darkness/apps/shop/app/models/comment.rb": [
        1,
        1,
        1,
        null,
        8,
        null,
        1,
        1,
        1,
        null
      ],
      "/home/darkness/apps/shop/app/controllers/admin/categories_controller.rb": [
        1,
        null,
        1,
        1,
        1,
        null,
        1,
        4,
        4,
        4,
        null,
        null,
        1,
        5,
        5,
        5,
        null,
        null,
        1,
        1,
        1,
        null,
        null,
        1,
        1,
        1,
        null,
        null,
        1,
        1,
        1,
        null,
        null,
        1,
        null,
        1,
        6,
        6,
        6,
        null,
        null,
        1,
        6,
        null,
        null,
        1,
        3,
        null,
        null,
        1,
        12,
        null,
        null,
        null
      ],
      "/home/darkness/apps/shop/app/models/categories_product.rb": [
        1,
        1,
        1,
        null
      ],
      "/home/darkness/apps/shop/app/controllers/admin/comments_controller.rb": [
        1,
        null,
        1,
        1,
        null,
        1,
        4,
        4,
        null,
        4,
        8,
        4,
        null,
        null,
        null,
        1,
        1,
        1,
        null,
        null,
        1,
        1,
        1,
        1,
        null,
        null,
        1,
        1,
        1,
        1,
        null,
        null,
        1,
        null,
        1,
        1,
        null,
        null,
        1,
        7,
        null,
        null,
        1,
        3,
        null,
        null,
        null
      ],
      "/home/darkness/apps/shop/app/controllers/admin/products_controller.rb": [
        1,
        null,
        1,
        1,
        null,
        1,
        1,
        null,
        1,
        1,
        null,
        null,
        1,
        27,
        null,
        27,
        null,
        27,
        36,
        45,
        null,
        null,
        null,
        1,
        3,
        3,
        null,
        null,
        1,
        null,
        1,
        3,
        null,
        null,
        1,
        27,
        18,
        null,
        9,
        null,
        null,
        null,
        null
      ],
      "/home/darkness/apps/shop/app/controllers/line_items_controller.rb": [
        null,
        1,
        1,
        null,
        1,
        1,
        1,
        1,
        null,
        1,
        3,
        3,
        null,
        3,
        null,
        null,
        1,
        6,
        6,
        null,
        6,
        3,
        null,
        3,
        3,
        2,
        null,
        null,
        null,
        1,
        58,
        1,
        null,
        57,
        null,
        null,
        58,
        null,
        null,
        1,
        3,
        3,
        null,
        2,
        null,
        null,
        1,
        null,
        1,
        6,
        2,
        2,
        null,
        null,
        null,
        1,
        12,
        null,
        null
      ],
      "/home/darkness/apps/shop/app/controllers/concerns/current_cart.rb": [
        1,
        1,
        null,
        1,
        null,
        1,
        70,
        51,
        null,
        19,
        null,
        70,
        null,
        70,
        null,
        70,
        null,
        null,
        null
      ],
      "/home/darkness/apps/shop/app/workers/cleaner_cart_worker.rb": [
        1,
        1,
        1,
        1,
        null,
        1,
        1,
        1,
        1,
        null,
        null,
        1,
        2,
        null,
        null,
        1,
        102,
        null,
        null
      ],
      "/home/darkness/apps/shop/app/controllers/carts_controller.rb": [
        null,
        1,
        1,
        null,
        1,
        null,
        1,
        null,
        1,
        null,
        1,
        17,
        17,
        17,
        null,
        null,
        1,
        2,
        2,
        2,
        null,
        null,
        1,
        1,
        null,
        null,
        1,
        null,
        1,
        2,
        null,
        null
      ],
      "/home/darkness/apps/shop/app/controllers/orders_controller.rb": [
        1,
        null,
        null,
        1,
        1,
        null,
        1,
        1,
        null,
        1,
        null,
        null,
        null,
        1,
        10,
        10,
        10,
        null,
        null,
        1,
        12,
        12,
        null,
        12,
        12,
        11,
        20,
        null,
        1,
        null,
        null,
        null,
        null,
        1,
        12,
        12,
        null,
        null,
        1,
        2,
        2,
        2,
        1,
        null,
        null,
        2,
        null,
        2,
        null,
        1,
        1,
        null,
        1,
        null,
        1,
        null,
        null,
        null,
        null,
        2,
        null,
        null,
        1,
        2,
        2,
        2,
        null,
        2,
        null,
        1,
        1,
        null,
        1,
        1,
        null,
        null,
        2,
        null,
        null,
        1,
        2,
        1,
        1,
        null,
        1,
        1,
        null,
        1,
        null,
        null,
        1,
        null,
        null,
        1,
        null,
        1,
        24,
        null,
        null,
        1,
        12,
        null,
        null,
        1,
        11,
        11,
        null,
        11,
        10,
        null,
        10,
        10,
        null,
        10,
        null,
        null,
        1,
        2,
        null,
        null,
        null,
        null,
        2,
        null,
        null,
        null,
        null,
        null,
        null,
        1,
        1,
        null,
        null,
        1,
        10,
        null,
        null,
        null,
        null,
        null,
        null,
        null,
        null,
        null,
        null,
        10,
        null,
        null,
        1,
        10,
        null,
        null,
        null,
        null,
        null,
        null,
        null,
        10,
        30,
        null,
        null,
        null,
        null,
        null,
        10,
        null,
        null
      ],
      "/home/darkness/apps/shop/app/workers/email_worker.rb": [
        1,
        1,
        1,
        1,
        null,
        1,
        7,
        7,
        null,
        1,
        null,
        3,
        null,
        3,
        null,
        null,
        null
      ],
      "/home/darkness/apps/shop/app/controllers/admin/orders_controller.rb": [
        1,
        null,
        1,
        1,
        null,
        1,
        11,
        11,
        null,
        11,
        22,
        11,
        null,
        null,
        null,
        1,
        1,
        1,
        null,
        null,
        1,
        3,
        3,
        3,
        null,
        null,
        1,
        null,
        1,
        14,
        null,
        null,
        1,
        4,
        null,
        null,
        null
      ],
      "/home/darkness/apps/shop/app/mailers/payment_mailer.rb": [
        1,
        1,
        1,
        1,
        null,
        null,
        1,
        3,
        3,
        null,
        null,
        1,
        3,
        3,
        null,
        null
      ],
      "/home/darkness/apps/shop/app/mailers/application_mailer.rb": [
        1,
        1,
        1,
        null
      ],
      "/home/darkness/apps/shop/app/controllers/categories_controller.rb": [
        null,
        1,
        1,
        null,
        1,
        null,
        1,
        1,
        1,
        null,
        null,
        1,
        null,
        1,
        1,
        null,
        null
      ],
      "/home/darkness/apps/shop/app/controllers/comments_controller.rb": [
        null,
        1,
        1,
        1,
        null,
        1,
        1,
        null,
        1,
        5,
        5,
        5,
        5,
        null,
        5,
        null,
        null,
        1,
        1,
        null,
        null,
        1,
        1,
        1,
        null,
        null,
        1,
        1,
        1,
        null,
        null,
        1,
        null,
        1,
        12,
        null,
        null,
        1,
        8,
        null,
        null,
        1,
        3,
        null,
        null
      ],
      "/home/darkness/apps/shop/app/controllers/users/registrations_controller.rb": [
        1,
        1,
        1,
        null,
        1,
        null,
        1,
        null,
        1,
        6,
        6,
        null,
        6,
        6,
        4,
        4,
        null,
        null,
        null,
        2,
        2,
        null,
        null,
        null,
        null,
        null,
        null,
        null,
        1,
        4,
        null,
        4,
        4,
        4,
        4,
        3,
        3,
        3,
        3,
        null,
        null,
        null,
        1,
        1,
        2,
        null,
        null,
        null,
        null,
        1,
        2,
        null,
        null,
        null
      ]
    },
    "timestamp": 1487063536
  }
}
